Using pre-set license
Built from '2021.3/staging' branch; Version is '2021.3.9f1 (ad3870b89536) revision 11352176'; Using compiler version '192829333'; Build Type 'Release'
OS: 'Windows 11  (10.0.22000) 64bit Core' Language: 'en' Physical Memory: 16303 MB
BatchMode: 1, IsHumanControllingUs: 0, StartBugReporterOnCrash: 0, Is64bit: 1, IsPro: 1

COMMAND LINE ARGUMENTS:
D:\Program Files (x86)\2021.3.9f1\Editor\Unity.exe
-adb2
-batchMode
-noUpm
-name
AssetImportWorker3
-projectPath
D:/philskay/Unity game/fetch-play/Fetch Play
-logFile
Logs/AssetImportWorker3.log
-srvPort
56601
Successfully changed project path to: D:/philskay/Unity game/fetch-play/Fetch Play
D:/philskay/Unity game/fetch-play/Fetch Play
[UnityMemory] Configuration Parameters - Can be set up in boot.config
    "memorysetup-bucket-allocator-granularity=16"
    "memorysetup-bucket-allocator-bucket-count=8"
    "memorysetup-bucket-allocator-block-size=33554432"
    "memorysetup-bucket-allocator-block-count=8"
    "memorysetup-main-allocator-block-size=16777216"
    "memorysetup-thread-allocator-block-size=16777216"
    "memorysetup-gfx-main-allocator-block-size=16777216"
    "memorysetup-gfx-thread-allocator-block-size=16777216"
    "memorysetup-cache-allocator-block-size=4194304"
    "memorysetup-typetree-allocator-block-size=2097152"
    "memorysetup-profiler-bucket-allocator-granularity=16"
    "memorysetup-profiler-bucket-allocator-bucket-count=8"
    "memorysetup-profiler-bucket-allocator-block-size=33554432"
    "memorysetup-profiler-bucket-allocator-block-count=8"
    "memorysetup-profiler-allocator-block-size=16777216"
    "memorysetup-profiler-editor-allocator-block-size=1048576"
    "memorysetup-temp-allocator-size-main=16777216"
    "memorysetup-job-temp-allocator-block-size=2097152"
    "memorysetup-job-temp-allocator-block-size-background=1048576"
    "memorysetup-job-temp-allocator-reduction-small-platforms=262144"
    "memorysetup-temp-allocator-size-background-worker=32768"
    "memorysetup-temp-allocator-size-job-worker=262144"
    "memorysetup-temp-allocator-size-preload-manager=33554432"
    "memorysetup-temp-allocator-size-nav-mesh-worker=65536"
    "memorysetup-temp-allocator-size-audio-worker=65536"
    "memorysetup-temp-allocator-size-cloud-worker=32768"
    "memorysetup-temp-allocator-size-gi-baking-worker=262144"
    "memorysetup-temp-allocator-size-gfx=262144"
received signal from system: SIGSEGV
Obtained 23 stack frames
0x00007ff77b4fffed (Unity) 
0x00007ff77b506cc9 (Unity) 
0x00007ff77c4750e3 (Unity) 
0x00007ff77b505d06 (Unity) 
0x00007ff77b4ff61c (Unity) 
0x00007ff77d859f3e (Unity) 
0x00007ff77d91980c (Unity) 
0x00007ff77d8268b0 (Unity) 
0x00007ff9a4028b1f (ntdll) _chkstk
0x00007ff9a3fb5b9a (ntdll) RtlRestoreContext
0x00007ff9a4027b2e (ntdll) KiUserExceptionDispatcher
0x00007ff77ad8266a (Unity) 
0x00007ff77ad7d5e0 (Unity) 
0x00007ff77ad7c48b (Unity) 
0x00007ff77ad89774 (Unity) 
0x00007ff77ad7cb65 (Unity) 
0x00007ff77ad7bdbd (Unity) 
0x00007ff77ad8e53b (Unity) 
0x00007ff77c01f4d3 (Unity) 
0x00007ff77c47f828 (Unity) 
0x00007ff77d80421e (Unity) 
0x00007ff9a26b54e0 (KERNEL32) BaseThreadInitThunk
0x00007ff9a3f8485b (ntdll) RtlUserThreadStart

