Using pre-set license
Built from '2021.3/staging' branch; Version is '2021.3.9f1 (ad3870b89536) revision 11352176'; Using compiler version '192829333'; Build Type 'Release'
OS: 'Windows 11  (10.0.22000) 64bit Core' Language: 'en' Physical Memory: 16303 MB
BatchMode: 1, IsHumanControllingUs: 0, StartBugReporterOnCrash: 0, Is64bit: 1, IsPro: 1

COMMAND LINE ARGUMENTS:
D:\Program Files (x86)\2021.3.9f1\Editor\Unity.exe
-adb2
-batchMode
-noUpm
-name
AssetImportWorker1
-projectPath
D:/philskay/Unity game/fetch-play/Fetch Play
-logFile
Logs/AssetImportWorker1.log
-srvPort
56601
Successfully changed project path to: D:/philskay/Unity game/fetch-play/Fetch Play
D:/philskay/Unity game/fetch-play/Fetch Play
[UnityMemory] Configuration Parameters - Can be set up in boot.config
    "memorysetup-bucket-allocator-granularity=16"
    "memorysetup-bucket-allocator-bucket-count=8"
    "memorysetup-bucket-allocator-block-size=33554432"
    "memorysetup-bucket-allocator-block-count=8"
    "memorysetup-main-allocator-block-size=16777216"
    "memorysetup-thread-allocator-block-size=16777216"
    "memorysetup-gfx-main-allocator-block-size=16777216"
    "memorysetup-gfx-thread-allocator-block-size=16777216"
    "memorysetup-cache-allocator-block-size=4194304"
    "memorysetup-typetree-allocator-block-size=2097152"
    "memorysetup-profiler-bucket-allocator-granularity=16"
    "memorysetup-profiler-bucket-allocator-bucket-count=8"
    "memorysetup-profiler-bucket-allocator-block-size=33554432"
    "memorysetup-profiler-bucket-allocator-block-count=8"
    "memorysetup-profiler-allocator-block-size=16777216"
    "memorysetup-profiler-editor-allocator-block-size=1048576"
    "memorysetup-temp-allocator-size-main=16777216"
    "memorysetup-job-temp-allocator-block-size=2097152"
    "memorysetup-job-temp-allocator-block-size-background=1048576"
    "memorysetup-job-temp-allocator-reduction-small-platforms=262144"
    "memorysetup-temp-allocator-size-background-worker=32768"
    "memorysetup-temp-allocator-size-job-worker=262144"
    "memorysetup-temp-allocator-size-preload-manager=33554432"
    "memorysetup-temp-allocator-size-nav-mesh-worker=65536"
    "memorysetup-temp-allocator-size-audio-worker=65536"
    "memorysetup-temp-allocator-size-cloud-worker=32768"
    "memorysetup-temp-allocator-size-gi-baking-worker=262144"
    "memorysetup-temp-allocator-size-gfx=262144"
Refreshing native plugins compatible for Editor in 98.08 ms, found 3 plugins.
Preloading 0 native plugins for Editor in 0.00 ms.
Initialize engine version: 2021.3.9f1 (ad3870b89536)
[Subsystems] Discovering subsystems at path D:/Program Files (x86)/2021.3.9f1/Editor/Data/Resources/UnitySubsystems
[Subsystems] Discovering subsystems at path D:/philskay/Unity game/fetch-play/Fetch Play/Assets
GfxDevice: creating device client; threaded=0; jobified=0
Direct3D:
    Version:  Direct3D 11.0 [level 11.1]
    Renderer: NVIDIA GeForce GTX 1660 Ti (ID=0x2191)
    Vendor:   NVIDIA
    VRAM:     5991 MB
    Driver:   27.21.14.5749
Initialize mono
Mono path[0] = 'D:/Program Files (x86)/2021.3.9f1/Editor/Data/Managed'
Mono path[1] = 'D:/Program Files (x86)/2021.3.9f1/Editor/Data/MonoBleedingEdge/lib/mono/unityjit-win32'
Mono config path = 'D:/Program Files (x86)/2021.3.9f1/Editor/Data/MonoBleedingEdge/etc'
Using monoOptions --debugger-agent=transport=dt_socket,embedding=1,server=y,suspend=n,address=127.0.0.1:56820
Begin MonoManager ReloadAssembly
Could not allocate 8192 bytes
Crash!!!
  ERROR: Error while initializing dbghelp.dll, GetLastError: 'The operation completed successfully.' (Address: 0000000000000000)

========== OUTPUTTING STACK TRACE ==================

SymInit: Symbol-SearchPath: 'D:/Program Files (x86)/2021.3.9f1/Editor/Data/Mono;.;D:\philskay\Unity game\fetch-play\Fetch Play;D:\philskay\Unity game\fetch-play\Fetch Play\Library\BurstCache\JIT;D:\Program Files (x86)\2021.3.9f1\Editor;C:\WINDOWS;C:\WINDOWS\system32;SRV*C:\websymbols*http://msdl.microsoft.com/download/symbols;', symOptions: 534, UserName: 'TOBI-K'
OS-Version: 10.0.0
D:\Program Files (x86)\2021.3.9f1\Editor\Unity.exe:Unity.exe (00007FF77A500000), size: 73478144 (result: 0), SymType: '-deferred-', PDB: '', fileVersion: 2021.3.9.14448
C:\WINDOWS\SYSTEM32\ntdll.dll:ntdll.dll (00007FF9A3F80000), size: 2134016 (result: 0), SymType: '-deferred-', PDB: '', fileVersion: 10.0.22000.918
C:\WINDOWS\System32\KERNEL32.DLL:KERNEL32.DLL (00007FF9A26A0000), size: 774144 (result: 0), SymType: '-deferred-', PDB: '', fileVersion: 10.0.22000.708
C:\WINDOWS\System32\KERNELBASE.dll:KERNELBASE.dll (00007FF9A1750000), size: 3653632 (result: 0), SymType: '-deferred-', PDB: '', fileVersion: 10.0.22000.918
C:\WINDOWS\System32\CRYPT32.dll:CRYPT32.dll (00007FF9A1BF0000), size: 1449984 (result: 0), SymType: '-deferred-', PDB: '', fileVersion: 10.0.22000.856
C:\WINDOWS\System32\ucrtbase.dll:ucrtbase.dll (00007FF9A1590000), size: 1118208 (result: 0), SymType: '-deferred-', PDB: '', fileVersion: 10.0.22000.1
C:\WINDOWS\System32\USER32.dll:USER32.dll (00007FF9A28E0000), size: 1757184 (result: 0), SymType: '-deferred-', PDB: '', fileVersion: 10.0.22000.832
C:\WINDOWS\System32\win32u.dll:win32u.dll (00007FF9A1DE0000), size: 155648 (result: 0), SymType: '-deferred-', PDB: '', fileVersion: 10.0.22000.978
D:\Program Files (x86)\2021.3.9f1\Editor\libfbxsdk.dll:libfbxsdk.dll (00007FF912690000), size: 10215424 (result: 0), SymType: '-deferred-', PDB: '', fileVersion: 2020.2.0.0
D:\Program Files (x86)\2021.3.9f1\Editor\optix.6.0.0.dll:optix.6.0.0.dll (00007FF942CB0000), size: 208896 (result: 0), SymType: '-deferred-', PDB: '', fileVersion: 6.0.0.0
C:\WINDOWS\System32\GDI32.dll:GDI32.dll (00007FF9A28B0000), size: 167936 (result: 0), SymType: '-deferred-', PDB: '', fileVersion: 10.0.22000.832
D:\Program Files (x86)\2021.3.9f1\Editor\s3tcompress.dll:s3tcompress.dll (00007FF948390000), size: 180224 (result: 0), SymType: '-deferred-', PDB: ''
C:\WINDOWS\System32\gdi32full.dll:gdi32full.dll (00007FF9A1AD0000), size: 1150976 (result: 0), SymType: '-deferred-', PDB: '', fileVersion: 10.0.22000.978
D:\Program Files (x86)\2021.3.9f1\Editor\etccompress.dll:etccompress.dll (00007FF92F130000), size: 5066752 (result: 0), SymType: '-deferred-', PDB: ''
C:\WINDOWS\System32\msvcp_win.dll:msvcp_win.dll (00007FF9A16B0000), size: 643072 (result: 0), SymType: '-deferred-', PDB: '', fileVersion: 10.0.22000.1
D:\Program Files (x86)\2021.3.9f1\Editor\ispc_texcomp.dll:ispc_texcomp.dll (00007FF92EF80000), size: 1740800 (result: 0), SymType: '-deferred-', PDB: ''
C:\WINDOWS\System32\ADVAPI32.dll:ADVAPI32.dll (00007FF9A2800000), size: 712704 (result: 0), SymType: '-deferred-', PDB: '', fileVersion: 10.0.22000.653
D:\Program Files (x86)\2021.3.9f1\Editor\compress_bc7e.dll:compress_bc7e.dll (00007FF92ED40000), size: 1441792 (result: 0), SymType: '-deferred-', PDB: ''
D:\Program Files (x86)\2021.3.9f1\Editor\FreeImage.dll:FreeImage.dll (0000000180000000), size: 6582272 (result: 0), SymType: '-deferred-', PDB: '', fileVersion: 3.18.0.0
C:\WINDOWS\System32\msvcrt.dll:msvcrt.dll (00007FF9A25F0000), size: 667648 (result: 0), SymType: '-deferred-', PDB: '', fileVersion: 7.0.22000.1
D:\Program Files (x86)\2021.3.9f1\Editor\OpenImageDenoise.dll:OpenImageDenoise.dll (00007FF90B050000), size: 48848896 (result: 0), SymType: '-deferred-', PDB: '', fileVersion: 1.4.2.0
D:\Program Files (x86)\2021.3.9f1\Editor\WinPixEventRuntime.dll:WinPixEventRuntime.dll (00007FF971070000), size: 45056 (result: 0), SymType: '-deferred-', PDB: '', fileVersion: 1.0.1812.6001
C:\WINDOWS\System32\sechost.dll:sechost.dll (00007FF9A2760000), size: 647168 (result: 0), SymType: '-deferred-', PDB: '', fileVersion: 10.0.22000.708
C:\WINDOWS\System32\WS2_32.dll:WS2_32.dll (00007FF9A1F70000), size: 454656 (result: 0), SymType: '-deferred-', PDB: '', fileVersion: 10.0.22000.1
C:\WINDOWS\System32\RPCRT4.dll:RPCRT4.dll (00007FF9A1E50000), size: 1179648 (result: 0), SymType: '-deferred-', PDB: '', fileVersion: 10.0.22000.675
D:\Program Files (x86)\2021.3.9f1\Editor\umbraoptimizer64.dll:umbraoptimizer64.dll (00007FF92EC10000), size: 1187840 (result: 0), SymType: '-deferred-', PDB: ''
C:\WINDOWS\System32\SHELL32.dll:SHELL32.dll (00007FF9A3780000), size: 8093696 (result: 0), SymType: '-deferred-', PDB: '', fileVersion: 10.0.22000.918
C:\WINDOWS\System32\SHLWAPI.dll:SHLWAPI.dll (00007FF9A2B00000), size: 380928 (result: 0), SymType: '-deferred-', PDB: '', fileVersion: 10.0.22000.1
C:\WINDOWS\System32\ole32.dll:ole32.dll (00007FF9A31B0000), size: 1679360 (result: 0), SymType: '-deferred-', PDB: '', fileVersion: 10.0.22000.120
D:\Program Files (x86)\2021.3.9f1\Editor\tbb12.dll:tbb12.dll (00007FF93EA80000), size: 434176 (result: 0), SymType: '-deferred-', PDB: ''
C:\WINDOWS\System32\combase.dll:combase.dll (00007FF9A33F0000), size: 3641344 (result: 0), SymType: '-deferred-', PDB: '', fileVersion: 10.0.22000.918
C:\WINDOWS\SYSTEM32\MSVCP140.dll:MSVCP140.dll (00007FF98F3C0000), size: 581632 (result: 0), SymType: '-deferred-', PDB: '', fileVersion: 14.32.31332.0
C:\WINDOWS\SYSTEM32\VCRUNTIME140.dll:VCRUNTIME140.dll (00007FF98F450000), size: 110592 (result: 0), SymType: '-deferred-', PDB: '', fileVersion: 14.32.31332.0
C:\WINDOWS\System32\IMM32.dll:IMM32.dll (00007FF9A1E10000), size: 200704 (result: 0), SymType: '-deferred-', PDB: '', fileVersion: 10.0.22000.1
C:\WINDOWS\System32\SETUPAPI.dll:SETUPAPI.dll (00007FF9A2D40000), size: 4636672 (result: 0), SymType: '-deferred-', PDB: '', fileVersion: 10.0.22000.469
C:\WINDOWS\SYSTEM32\VCRUNTIME140_1.dll:VCRUNTIME140_1.dll (00007FF98E1A0000), size: 49152 (result: 0), SymType: '-deferred-', PDB: '', fileVersion: 14.32.31332.0
C:\WINDOWS\System32\OLEAUT32.dll:OLEAUT32.dll (00007FF9A22C0000), size: 876544 (result: 0), SymType: '-deferred-', PDB: '', fileVersion: 10.0.22000.1
C:\WINDOWS\System32\WINTRUST.dll:WINTRUST.dll (00007FF9A1520000), size: 425984 (result: 0), SymType: '-deferred-', PDB: '', fileVersion: 10.0.22000.918
C:\WINDOWS\SYSTEM32\OPENGL32.dll:OPENGL32.dll (00007FF92E3A0000), size: 1052672 (result: 0), SymType: '-deferred-', PDB: '', fileVersion: 10.0.22000.708
D:\Program Files (x86)\2021.3.9f1\Editor\tbbmalloc.dll:tbbmalloc.dll (00007FF93E6C0000), size: 282624 (result: 0), SymType: '-deferred-', PDB: ''
C:\WINDOWS\SYSTEM32\GLU32.dll:GLU32.dll (00007FF942C30000), size: 184320 (result: 0), SymType: '-deferred-', PDB: '', fileVersion: 10.0.22000.708
C:\WINDOWS\SYSTEM32\IPHLPAPI.DLL:IPHLPAPI.DLL (00007FF9A0170000), size: 184320 (result: 0), SymType: '-deferred-', PDB: '', fileVersion: 10.0.22000.282
C:\WINDOWS\SYSTEM32\WINHTTP.dll:WINHTTP.dll (00007FF998F30000), size: 1097728 (result: 0), SymType: '-deferred-', PDB: '', fileVersion: 10.0.22000.1
C:\WINDOWS\SYSTEM32\WINMM.dll:WINMM.dll (00007FF99B430000), size: 208896 (result: 0), SymType: '-deferred-', PDB: '', fileVersion: 10.0.22000.1
C:\WINDOWS\SYSTEM32\bcrypt.dll:bcrypt.dll (00007FF9A0E40000), size: 159744 (result: 0), SymType: '-deferred-', PDB: '', fileVersion: 10.0.22000.1
C:\WINDOWS\SYSTEM32\HID.DLL:HID.DLL (00007FF99FE40000), size: 57344 (result: 0), SymType: '-deferred-', PDB: '', fileVersion: 10.0.22000.1
D:\Program Files (x86)\2021.3.9f1\Editor\RadeonImageFilters.dll:RadeonImageFilters.dll (00007FF920200000), size: 2961408 (result: 0), SymType: '-deferred-', PDB: '', fileVersion: 1.7.0.0
C:\WINDOWS\SYSTEM32\dwmapi.dll:dwmapi.dll (00007FF99EB70000), size: 192512 (result: 0), SymType: '-deferred-', PDB: '', fileVersion: 10.0.22000.41
D:\Program Files (x86)\2021.3.9f1\Editor\SketchUpAPI.dll:SketchUpAPI.dll (00007FF91B000000), size: 9306112 (result: 0), SymType: '-deferred-', PDB: '', fileVersion: 20.2.172.0
C:\WINDOWS\SYSTEM32\VERSION.dll:VERSION.dll (00007FF998630000), size: 40960 (result: 0), SymType: '-deferred-', PDB: '', fileVersion: 10.0.22000.1
C:\WINDOWS\SYSTEM32\WSOCK32.dll:WSOCK32.dll (00007FF98A0F0000), size: 36864 (result: 0), SymType: '-deferred-', PDB: '', fileVersion: 10.0.22000.1
D:\Program Files (x86)\2021.3.9f1\Editor\SketchUpCommonPreferences.dll:SketchUpCommonPreferences.dll (00007FF93E7C0000), size: 479232 (result: 0), SymType: '-deferred-', PDB: '', fileVersion: 20.2.172.37
D:\Program Files (x86)\2021.3.9f1\Editor\RadeonML.dll:RadeonML.dll (00007FF96C6F0000), size: 94208 (result: 0), SymType: '-deferred-', PDB: '', fileVersion: 0.9.11.0
C:\WINDOWS\SYSTEM32\dxcore.dll:dxcore.dll (00007FF99E8D0000), size: 229376 (result: 0), SymType: '-deferred-', PDB: '', fileVersion: 10.0.22000.653
C:\WINDOWS\SYSTEM32\Secur32.dll:Secur32.dll (00007FF98A270000), size: 49152 (result: 0), SymType: '-deferred-', PDB: '', fileVersion: 10.0.22000.675
C:\WINDOWS\SYSTEM32\SSPICLI.DLL:SSPICLI.DLL (00007FF9A0860000), size: 270336 (result: 0), SymType: '-deferred-', PDB: '', fileVersion: 10.0.22000.556
D:\Program Files (x86)\2021.3.9f1\Editor\OpenRL.dll:OpenRL.dll (000002458BEA0000), size: 12779520 (result: 0), SymType: '-deferred-', PDB: '', fileVersion: 1.5.0.2907
C:\WINDOWS\SYSTEM32\MSVCP100.dll:MSVCP100.dll (0000000055910000), size: 622592 (result: 0), SymType: '-deferred-', PDB: '', fileVersion: 10.0.40219.325
C:\WINDOWS\SYSTEM32\MSVCR100.dll:MSVCR100.dll (0000000055830000), size: 860160 (result: 0), SymType: '-deferred-', PDB: '', fileVersion: 10.0.40219.325
D:\Program Files (x86)\2021.3.9f1\Editor\embree.dll:embree.dll (00007FF90FD90000), size: 16711680 (result: 0), SymType: '-deferred-', PDB: '', fileVersion: 2.14.0.0
C:\WINDOWS\SYSTEM32\cfgmgr32.DLL:cfgmgr32.DLL (00007FF9A1130000), size: 311296 (result: 0), SymType: '-deferred-', PDB: '', fileVersion: 10.0.22000.1
D:\Program Files (x86)\2021.3.9f1\Editor\tbb.dll:tbb.dll (00007FF93D8C0000), size: 413696 (result: 0), SymType: '-deferred-', PDB: '', fileVersion: 2017.0.2016.1004
C:\WINDOWS\SYSTEM32\MSVCP120.dll:MSVCP120.dll (00007FF92EB60000), size: 679936 (result: 0), SymType: '-deferred-', PDB: '', fileVersion: 12.0.40649.5
C:\WINDOWS\SYSTEM32\MSVCR120.dll:MSVCR120.dll (00007FF92E4E0000), size: 978944 (result: 0), SymType: '-deferred-', PDB: '', fileVersion: 12.0.40649.5
C:\WINDOWS\SYSTEM32\MSWSOCK.DLL:MSWSOCK.DLL (00007FF9A0A70000), size: 421888 (result: 0), SymType: '-deferred-', PDB: '', fileVersion: 10.0.22000.1
D:\Program Files (x86)\2021.3.9f1\Editor\OpenRL_pthread.dll:OpenRL_pthread.dll (000002458CAF0000), size: 61440 (result: 0), SymType: '-deferred-', PDB: '', fileVersion: 2.9.0.0
C:\WINDOWS\SYSTEM32\MSASN1.dll:MSASN1.dll (00007FF9A0D10000), size: 73728 (result: 0), SymType: '-deferred-', PDB: '', fileVersion: 10.0.22000.1
C:\WINDOWS\SYSTEM32\kernel.appcore.dll:kernel.appcore.dll (00007FF9A0640000), size: 98304 (result: 0), SymType: '-deferred-', PDB: '', fileVersion: 10.0.22000.71
C:\WINDOWS\System32\bcryptPrimitives.dll:bcryptPrimitives.dll (00007FF9A1D60000), size: 520192 (result: 8), SymType: '-unknown-', PDB: '', fileVersion: 10.0.22000.778
C:\WINDOWS\system32\uxtheme.dll:uxtheme.dll (00007FF99E7C0000), size: 704512 (result: 0), SymType: '-deferred-', PDB: '', fileVersion: 10.0.22000.832
C:\WINDOWS\System32\shcore.dll:shcore.dll (00007FF9A2C50000), size: 958464 (result: 0), SymType: '-deferred-', PDB: '', fileVersion: 10.0.22000.613
C:\WINDOWS\SYSTEM32\windows.storage.dll:windows.storage.dll (00007FF99F5D0000), size: 8814592 (result: 0), SymType: '-deferred-', PDB: '', fileVersion: 10.0.22000.918
C:\WINDOWS\SYSTEM32\wintypes.dll:wintypes.dll (00007FF99F460000), size: 1466368 (result: 0), SymType: '-deferred-', PDB: '', fileVersion: 10.0.22000.918
C:\WINDOWS\SYSTEM32\profapi.dll:profapi.dll (00007FF9A1390000), size: 135168 (result: 0), SymType: '-deferred-', PDB: '', fileVersion: 10.0.22000.1
C:\WINDOWS\system32\IconCodecService.dll:IconCodecService.dll (00007FF98B790000), size: 36864 (result: 0), SymType: '-deferred-', PDB: '', fileVersion: 10.0.22000.1
C:\WINDOWS\SYSTEM32\WindowsCodecs.dll:WindowsCodecs.dll (00007FF998AC0000), size: 1761280 (result: 0), SymType: '-deferred-', PDB: '', fileVersion: 10.0.22000.653
C:\WINDOWS\System32\clbcatq.dll:clbcatq.dll (00007FF9A23A0000), size: 716800 (result: 0), SymType: '-deferred-', PDB: '', fileVersion: 2001.12.10941.16384
C:\WINDOWS\System32\netprofm.dll:netprofm.dll (00007FF99BD90000), size: 462848 (result: 0), SymType: '-deferred-', PDB: '', fileVersion: 10.0.22000.708
C:\WINDOWS\System32\npmproxy.dll:npmproxy.dll (00007FF9972E0000), size: 73728 (result: 8), SymType: '-unknown-', PDB: '', fileVersion: 10.0.22000.65
C:\WINDOWS\System32\NSI.dll:NSI.dll (00007FF9A3770000), size: 36864 (result: 8), SymType: '-unknown-', PDB: '', fileVersion: 10.0.22000.1
C:\WINDOWS\SYSTEM32\dhcpcsvc6.DLL:dhcpcsvc6.DLL (00007FF9990C0000), size: 102400 (result: 0), SymType: '-deferred-', PDB: '', fileVersion: 10.0.22000.918
C:\WINDOWS\SYSTEM32\dhcpcsvc.DLL:dhcpcsvc.DLL (00007FF99A3E0000), size: 122880 (result: 8), SymType: '-unknown-', PDB: '', fileVersion: 10.0.22000.918
C:\WINDOWS\SYSTEM32\DNSAPI.dll:DNSAPI.dll (00007FF9A01A0000), size: 950272 (result: 0), SymType: '-deferred-', PDB: '', fileVersion: 10.0.22000.918
C:\WINDOWS\System32\fwpuclnt.dll:fwpuclnt.dll (00007FF9984E0000), size: 528384 (result: 0), SymType: '-deferred-', PDB: '', fileVersion: 10.0.22000.978
C:\Windows\System32\rasadhlp.dll:rasadhlp.dll (00007FF9937C0000), size: 40960 (result: 0), SymType: '-deferred-', PDB: '', fileVersion: 10.0.22000.1
D:\Program Files (x86)\2021.3.9f1\Editor\NVUnityPlugin.DLL:NVUnityPlugin.DLL (00007FF920080000), size: 1536000 (result: 0), SymType: '-deferred-', PDB: ''
D:\Program Files (x86)\2021.3.9f1\Editor\Data\Tools\astcenc-avx2.dll:astcenc-avx2.dll (00007FF935300000), size: 561152 (result: 0), SymType: '-deferred-', PDB: ''
C:\WINDOWS\SYSTEM32\d3d11.dll:d3d11.dll (00007FF999D10000), size: 2621440 (result: 0), SymType: '-deferred-', PDB: '', fileVersion: 10.0.22000.918
C:\WINDOWS\SYSTEM32\dxgi.dll:dxgi.dll (00007FF99E910000), size: 995328 (result: 0), SymType: '-deferred-', PDB: '', fileVersion: 10.0.22000.918
C:\WINDOWS\SYSTEM32\directxdatabasehelper.dll:directxdatabasehelper.dll (00007FF99B7F0000), size: 278528 (result: 0), SymType: '-deferred-', PDB: '', fileVersion: 10.0.22000.653
C:\WINDOWS\SYSTEM32\ntmarta.dll:ntmarta.dll (00007FF99EA30000), size: 212992 (result: 0), SymType: '-deferred-', PDB: '', fileVersion: 10.0.22000.1
C:\WINDOWS\System32\DriverStore\FileRepository\nvlt.inf_amd64_04baa46c48be5bb8\nvldumdx.dll:nvldumdx.dll (00007FF996F70000), size: 1056768 (result: 8), SymType: '-unknown-', PDB: '', fileVersion: 27.21.14.5749
C:\WINDOWS\SYSTEM32\cryptnet.dll:cryptnet.dll (00007FF9984A0000), size: 200704 (result: 8), SymType: '-unknown-', PDB: '', fileVersion: 10.0.22000.1
C:\WINDOWS\SYSTEM32\cryptbase.dll:cryptbase.dll (00007FF9A0CB0000), size: 49152 (result: 8), SymType: '-unknown-', PDB: '', fileVersion: 10.0.22000.1
C:\WINDOWS\System32\imagehlp.dll:imagehlp.dll (00007FF9A25D0000), size: 126976 (result: 8), SymType: '-unknown-', PDB: '', fileVersion: 10.0.22000.1
C:\WINDOWS\SYSTEM32\CRYPTSP.dll:CRYPTSP.dll (00007FF9A0CC0000), size: 98304 (result: 0), SymType: '-deferred-', PDB: '', fileVersion: 10.0.22000.1
C:\WINDOWS\system32\rsaenh.dll:rsaenh.dll (00007FF9A05A0000), size: 217088 (result: 0), SymType: '-deferred-', PDB: '', fileVersion: 10.0.22000.282
C:\WINDOWS\System32\DriverStore\FileRepository\nvlt.inf_amd64_04baa46c48be5bb8\nvwgf2umx.dll:nvwgf2umx.dll (00007FF8FC990000), size: 44830720 (result: 0), SymType: '-deferred-', PDB: '', fileVersion: 27.21.14.5749
C:\WINDOWS\system32\nvspcap64.dll:nvspcap64.dll (00007FF970D80000), size: 2826240 (result: 8), SymType: '-unknown-', PDB: '', fileVersion: 3.19.0.107
C:\WINDOWS\system32\wbem\wbemprox.dll:wbemprox.dll (00007FF997130000), size: 65536 (result: 0), SymType: '-deferred-', PDB: '', fileVersion: 10.0.22000.1
C:\WINDOWS\SYSTEM32\wbemcomn.dll:wbemcomn.dll (00007FF997080000), size: 532480 (result: 0), SymType: '-deferred-', PDB: '', fileVersion: 10.0.22000.1
C:\WINDOWS\system32\wbem\wbemsvc.dll:wbemsvc.dll (00007FF993810000), size: 81920 (result: 0), SymType: '-deferred-', PDB: '', fileVersion: 10.0.22000.1
C:\WINDOWS\system32\wbem\fastprox.dll:fastprox.dll (00007FF991FB0000), size: 1024000 (result: 0), SymType: '-deferred-', PDB: '', fileVersion: 10.0.22000.1
C:\WINDOWS\SYSTEM32\amsi.dll:amsi.dll (00007FF980FC0000), size: 151552 (result: 0), SymType: '-deferred-', PDB: '', fileVersion: 10.0.22000.593
C:\WINDOWS\SYSTEM32\USERENV.dll:USERENV.dll (00007FF9A0B60000), size: 167936 (result: 0), SymType: '-deferred-', PDB: '', fileVersion: 10.0.22000.1
SymInit: Symbol-SearchPath: 'D:/Program Files (x86)/2021.3.9f1/Editor/Data/Mono;.;D:\philskay\Unity game\fetch-play\Fetch Play;D:\philskay\Unity game\fetch-play\Fetch Play\Library\BurstCache\JIT;D:\Program Files (x86)\2021.3.9f1\Editor;C:\WINDOWS;C:\WINDOWS\system32;SRV*C:\websymbols*http://msdl.microsoft.com/download/symbols;', symOptions: 534, UserName: 'TOBI-K'
OS-Version: 10.0.0
: (00007FF77A500000), size: 73478144 (result: 0), SymType: '-nosymbols-', PDB: 'D:\Program Files (x86)\2021.3.9f1\Editor\Unity.exe'
C:\WINDOWS\SYSTEM32\ntdll.dll:ntdll.dll (00007FF9A3F80000), size: 2134016 (result: 0), SymType: '-nosymbols-', PDB: 'C:\WINDOWS\SYSTEM32\ntdll.dll', fileVersion: 10.0.22000.918
C:\WINDOWS\System32\KERNEL32.DLL:KERNEL32.DLL (00007FF9A26A0000), size: 774144 (result: 0), SymType: '-nosymbols-', PDB: 'C:\WINDOWS\System32\KERNEL32.DLL', fileVersion: 10.0.22000.708
C:\WINDOWS\System32\KERNELBASE.dll:KERNELBASE.dll (00007FF9A1750000), size: 3653632 (result: 0), SymType: '-nosymbols-', PDB: 'C:\WINDOWS\System32\KERNELBASE.dll', fileVersion: 10.0.22000.918
C:\WINDOWS\System32\CRYPT32.dll:CRYPT32.dll (00007FF9A1BF0000), size: 1449984 (result: 0), SymType: '-nosymbols-', PDB: 'C:\WINDOWS\System32\CRYPT32.dll', fileVersion: 10.0.22000.856
: (00007FF9A1590000), size: 1118208 (result: 0), SymType: '-nosymbols-', PDB: 'C:\WINDOWS\System32\ucrtbase.dll'
: (00007FF9A28E0000), size: 1757184 (result: 0), SymType: '-nosymbols-', PDB: 'C:\WINDOWS\System32\USER32.dll'
: (00007FF9A1DE0000), size: 155648 (result: 0), SymType: '-nosymbols-', PDB: 'C:\WINDOWS\System32\win32u.dll'
: (00007FF912690000), size: 10215424 (result: 0), SymType: '-nosymbols-', PDB: 'D:\Program Files (x86)\2021.3.9f1\Editor\libfbxsdk.dll'
D:\Program Files (x86)\2021.3.9f1\Editor\optix.6.0.0.dll:optix.6.0.0.dll (00007FF942CB0000), size: 208896 (result: 0), SymType: '-nosymbols-', PDB: 'D:\Program Files (x86)\2021.3.9f1\Editor\optix.6.0.0.dll', fileVersion: 6.0.0.0
C:\WINDOWS\System32\GDI32.dll:GDI32.dll (00007FF9A28B0000), size: 167936 (result: 0), SymType: '-nosymbols-', PDB: 'C:\WINDOWS\System32\GDI32.dll', fileVersion: 10.0.22000.832
D:\Program Files (x86)\2021.3.9f1\Editor\s3tcompress.dll:s3tcompress.dll (00007FF948390000), size: 180224 (result: 0), SymType: '-nosymbols-', PDB: 'D:\Program Files (x86)\2021.3.9f1\Editor\s3tcompress.dll'
C:\WINDOWS\System32\gdi32full.dll:gdi32full.dll (00007FF9A1AD0000), size: 1150976 (result: 0), SymType: '-nosymbols-', PDB: 'C:\WINDOWS\System32\gdi32full.dll', fileVersion: 10.0.22000.978
D:\Program Files (x86)\2021.3.9f1\Editor\etccompress.dll:etccompress.dll (00007FF92F130000), size: 5066752 (result: 0), SymType: '-nosymbols-', PDB: 'D:\Program Files (x86)\2021.3.9f1\Editor\etccompress.dll'
C:\WINDOWS\System32\msvcp_win.dll:msvcp_win.dll (00007FF9A16B0000), size: 643072 (result: 0), SymType: '-nosymbols-', PDB: 'C:\WINDOWS\System32\msvcp_win.dll', fileVersion: 10.0.22000.1
D:\Program Files (x86)\2021.3.9f1\Editor\ispc_texcomp.dll:ispc_texcomp.dll (00007FF92EF80000), size: 1740800 (result: 0), SymType: '-nosymbols-', PDB: 'D:\Program Files (x86)\2021.3.9f1\Editor\ispc_texcomp.dll'
C:\WINDOWS\System32\ADVAPI32.dll:ADVAPI32.dll (00007FF9A2800000), size: 712704 (result: 0), SymType: '-nosymbols-', PDB: 'C:\WINDOWS\System32\ADVAPI32.dll', fileVersion: 10.0.22000.653
D:\Program Files (x86)\2021.3.9f1\Editor\compress_bc7e.dll:compress_bc7e.dll (00007FF92ED40000), size: 1441792 (result: 0), SymType: '-nosymbols-', PDB: 'D:\Program Files (x86)\2021.3.9f1\Editor\compress_bc7e.dll'
D:\Program Files (x86)\2021.3.9f1\Editor\FreeImage.dll:FreeImage.dll (0000000180000000), size: 6582272 (result: 0), SymType: '-nosymbols-', PDB: 'D:\Program Files (x86)\2021.3.9f1\Editor\FreeImage.dll', fileVersion: 3.18.0.0
C:\WINDOWS\System32\msvcrt.dll:msvcrt.dll (00007FF9A25F0000), size: 667648 (result: 0), SymType: '-nosymbols-', PDB: 'C:\WINDOWS\System32\msvcrt.dll', fileVersion: 7.0.22000.1
D:\Program Files (x86)\2021.3.9f1\Editor\OpenImageDenoise.dll:OpenImageDenoise.dll (00007FF90B050000), size: 48848896 (result: 0), SymType: '-nosymbols-', PDB: 'D:\Program Files (x86)\2021.3.9f1\Editor\OpenImageDenoise.dll', fileVersion: 1.4.2.0
D:\Program Files (x86)\2021.3.9f1\Editor\WinPixEventRuntime.dll:WinPixEventRuntime.dll (00007FF971070000), size: 45056 (result: 0), SymType: '-nosymbols-', PDB: 'D:\Program Files (x86)\2021.3.9f1\Editor\WinPixEventRuntime.dll', fileVersion: 1.0.1812.6001
C:\WINDOWS\System32\sechost.dll:sechost.dll (00007FF9A2760000), size: 647168 (result: 0), SymType: '-exported-', PDB: 'C:\WINDOWS\System32\sechost.dll', fileVersion: 10.0.22000.708
C:\WINDOWS\System32\WS2_32.dll:WS2_32.dll (00007FF9A1F70000), size: 454656 (result: 0), SymType: '-nosymbols-', PDB: 'C:\WINDOWS\System32\WS2_32.dll', fileVersion: 10.0.22000.1
C:\WINDOWS\System32\RPCRT4.dll:RPCRT4.dll (00007FF9A1E50000), size: 1179648 (result: 0), SymType: '-exported-', PDB: 'C:\WINDOWS\System32\RPCRT4.dll', fileVersion: 10.0.22000.675
D:\Program Files (x86)\2021.3.9f1\Editor\umbraoptimizer64.dll:umbraoptimizer64.dll (00007FF92EC10000), size: 1187840 (result: 0), SymType: '-exported-', PDB: 'D:\Program Files (x86)\2021.3.9f1\Editor\umbraoptimizer64.dll'
C:\WINDOWS\System32\SHELL32.dll:SHELL32.dll (00007FF9A3780000), size: 8093696 (result: 0), SymType: '-nosymbols-', PDB: 'C:\WINDOWS\System32\SHELL32.dll', fileVersion: 10.0.22000.918
C:\WINDOWS\System32\SHLWAPI.dll:SHLWAPI.dll (00007FF9A2B00000), size: 380928 (result: 0), SymType: '-nosymbols-', PDB: 'C:\WINDOWS\System32\SHLWAPI.dll', fileVersion: 10.0.22000.1
C:\WINDOWS\System32\ole32.dll:ole32.dll (00007FF9A31B0000), size: 1679360 (result: 0), SymType: '-nosymbols-', PDB: 'C:\WINDOWS\System32\ole32.dll', fileVersion: 10.0.22000.120
D:\Program Files (x86)\2021.3.9f1\Editor\tbb12.dll:tbb12.dll (00007FF93EA80000), size: 434176 (result: 0), SymType: '-nosymbols-', PDB: 'D:\Program Files (x86)\2021.3.9f1\Editor\tbb12.dll'
C:\WINDOWS\System32\combase.dll:combase.dll (00007FF9A33F0000), size: 3641344 (result: 0), SymType: '-nosymbols-', PDB: 'C:\WINDOWS\System32\combase.dll', fileVersion: 10.0.22000.918
C:\WINDOWS\SYSTEM32\MSVCP140.dll:MSVCP140.dll (00007FF98F3C0000), size: 581632 (result: 0), SymType: '-nosymbols-', PDB: 'C:\WINDOWS\SYSTEM32\MSVCP140.dll', fileVersion: 14.32.31332.0
C:\WINDOWS\SYSTEM32\VCRUNTIME140.dll:VCRUNTIME140.dll (00007FF98F450000), size: 110592 (result: 0), SymType: '-nosymbols-', PDB: 'C:\WINDOWS\SYSTEM32\VCRUNTIME140.dll', fileVersion: 14.32.31332.0
C:\WINDOWS\System32\IMM32.dll:IMM32.dll (00007FF9A1E10000), size: 200704 (result: 0), SymType: '-nosymbols-', PDB: 'C:\WINDOWS\System32\IMM32.dll', fileVersion: 10.0.22000.1
C:\WINDOWS\System32\SETUPAPI.dll:SETUPAPI.dll (00007FF9A2D40000), size: 4636672 (result: 0), SymType: '-nosymbols-', PDB: 'C:\WINDOWS\System32\SETUPAPI.dll', fileVersion: 10.0.22000.469
C:\WINDOWS\SYSTEM32\VCRUNTIME140_1.dll:VCRUNTIME140_1.dll (00007FF98E1A0000), size: 49152 (result: 0), SymType: '-nosymbols-', PDB: 'C:\WINDOWS\SYSTEM32\VCRUNTIME140_1.dll', fileVersion: 14.32.31332.0
C:\WINDOWS\System32\OLEAUT32.dll:OLEAUT32.dll (00007FF9A22C0000), size: 876544 (result: 0), SymType: '-nosymbols-', PDB: 'C:\WINDOWS\System32\OLEAUT32.dll', fileVersion: 10.0.22000.1
C:\WINDOWS\System32\WINTRUST.dll:WINTRUST.dll (00007FF9A1520000), size: 425984 (result: 0), SymType: '-nosymbols-', PDB: 'C:\WINDOWS\System32\WINTRUST.dll', fileVersion: 10.0.22000.918
C:\WINDOWS\SYSTEM32\OPENGL32.dll:OPENGL32.dll (00007FF92E3A0000), size: 1052672 (result: 0), SymType: '-nosymbols-', PDB: 'C:\WINDOWS\SYSTEM32\OPENGL32.dll', fileVersion: 10.0.22000.708
D:\Program Files (x86)\2021.3.9f1\Editor\tbbmalloc.dll:tbbmalloc.dll (00007FF93E6C0000), size: 282624 (result: 0), SymType: '-nosymbols-', PDB: 'D:\Program Files (x86)\2021.3.9f1\Editor\tbbmalloc.dll'
C:\WINDOWS\SYSTEM32\GLU32.dll:GLU32.dll (00007FF942C30000), size: 184320 (result: 0), SymType: '-nosymbols-', PDB: 'C:\WINDOWS\SYSTEM32\GLU32.dll', fileVersion: 10.0.22000.708
C:\WINDOWS\SYSTEM32\IPHLPAPI.DLL:IPHLPAPI.DLL (00007FF9A0170000), size: 184320 (result: 0), SymType: '-nosymbols-', PDB: 'C:\WINDOWS\SYSTEM32\IPHLPAPI.DLL', fileVersion: 10.0.22000.282
C:\WINDOWS\SYSTEM32\WINHTTP.dll:WINHTTP.dll (00007FF998F30000), size: 1097728 (result: 0), SymType: '-nosymbols-', PDB: 'C:\WINDOWS\SYSTEM32\WINHTTP.dll', fileVersion: 10.0.22000.1
C:\WINDOWS\SYSTEM32\WINMM.dll:WINMM.dll (00007FF99B430000), size: 208896 (result: 0), SymType: '-nosymbols-', PDB: 'C:\WINDOWS\SYSTEM32\WINMM.dll', fileVersion: 10.0.22000.1
C:\WINDOWS\SYSTEM32\bcrypt.dll:bcrypt.dll (00007FF9A0E40000), size: 159744 (result: 0), SymType: '-nosymbols-', PDB: 'C:\WINDOWS\SYSTEM32\bcrypt.dll', fileVersion: 10.0.22000.1
C:\WINDOWS\SYSTEM32\HID.DLL:HID.DLL (00007FF99FE40000), size: 57344 (result: 0), SymType: '-nosymbols-', PDB: 'C:\WINDOWS\SYSTEM32\HID.DLL', fileVersion: 10.0.22000.1
D:\Program Files (x86)\2021.3.9f1\Editor\RadeonImageFilters.dll:RadeonImageFilters.dll (00007FF920200000), size: 2961408 (result: 0), SymType: '-nosymbols-', PDB: 'D:\Program Files (x86)\2021.3.9f1\Editor\RadeonImageFilters.dll', fileVersion: 1.7.0.0
C:\WINDOWS\SYSTEM32\dwmapi.dll:dwmapi.dll (00007FF99EB70000), size: 192512 (result: 0), SymType: '-nosymbols-', PDB: 'C:\WINDOWS\SYSTEM32\dwmapi.dll', fileVersion: 10.0.22000.41
D:\Program Files (x86)\2021.3.9f1\Editor\SketchUpAPI.dll:SketchUpAPI.dll (00007FF91B000000), size: 9306112 (result: 0), SymType: '-nosymbols-', PDB: 'D:\Program Files (x86)\2021.3.9f1\Editor\SketchUpAPI.dll', fileVersion: 20.2.172.0
C:\WINDOWS\SYSTEM32\VERSION.dll:VERSION.dll (00007FF998630000), size: 40960 (result: 0), SymType: '-nosymbols-', PDB: 'C:\WINDOWS\SYSTEM32\VERSION.dll', fileVersion: 10.0.22000.1
C:\WINDOWS\SYSTEM32\WSOCK32.dll:WSOCK32.dll (00007FF98A0F0000), size: 36864 (result: 0), SymType: '-nosymbols-', PDB: 'C:\WINDOWS\SYSTEM32\WSOCK32.dll', fileVersion: 10.0.22000.1
D:\Program Files (x86)\2021.3.9f1\Editor\SketchUpCommonPreferences.dll:SketchUpCommonPreferences.dll (00007FF93E7C0000), size: 479232 (result: 0), SymType: '-nosymbols-', PDB: 'D:\Program Files (x86)\2021.3.9f1\Editor\SketchUpCommonPreferences.dll', fileVersion: 20.2.172.37
D:\Program Files (x86)\2021.3.9f1\Editor\RadeonML.dll:RadeonML.dll (00007FF96C6F0000), size: 94208 (result: 0), SymType: '-nosymbols-', PDB: 'D:\Program Files (x86)\2021.3.9f1\Editor\RadeonML.dll', fileVersion: 0.9.11.0
C:\WINDOWS\SYSTEM32\dxcore.dll:dxcore.dll (00007FF99E8D0000), size: 229376 (result: 0), SymType: '-nosymbols-', PDB: 'C:\WINDOWS\SYSTEM32\dxcore.dll', fileVersion: 10.0.22000.653
C:\WINDOWS\SYSTEM32\Secur32.dll:Secur32.dll (00007FF98A270000), size: 49152 (result: 0), SymType: '-nosymbols-', PDB: 'C:\WINDOWS\SYSTEM32\Secur32.dll', fileVersion: 10.0.22000.675
C:\WINDOWS\SYSTEM32\SSPICLI.DLL:SSPICLI.DLL (00007FF9A0860000), size: 270336 (result: 0), SymType: '-nosymbols-', PDB: 'C:\WINDOWS\SYSTEM32\SSPICLI.DLL', fileVersion: 10.0.22000.556
D:\Program Files (x86)\2021.3.9f1\Editor\OpenRL.dll:OpenRL.dll (000002458BEA0000), size: 12779520 (result: 0), SymType: '-nosymbols-', PDB: 'D:\Program Files (x86)\2021.3.9f1\Editor\OpenRL.dll', fileVersion: 1.5.0.2907
C:\WINDOWS\SYSTEM32\MSVCP100.dll:MSVCP100.dll (0000000055910000), size: 622592 (result: 0), SymType: '-nosymbols-', PDB: 'C:\WINDOWS\SYSTEM32\MSVCP100.dll', fileVersion: 10.0.40219.325
C:\WINDOWS\SYSTEM32\MSVCR100.dll:MSVCR100.dll (0000000055830000), size: 860160 (result: 0), SymType: '-nosymbols-', PDB: 'C:\WINDOWS\SYSTEM32\MSVCR100.dll', fileVersion: 10.0.40219.325
D:\Program Files (x86)\2021.3.9f1\Editor\embree.dll:embree.dll (00007FF90FD90000), size: 16711680 (result: 0), SymType: '-nosymbols-', PDB: 'D:\Program Files (x86)\2021.3.9f1\Editor\embree.dll', fileVersion: 2.14.0.0
C:\WINDOWS\SYSTEM32\cfgmgr32.DLL:cfgmgr32.DLL (00007FF9A1130000), size: 311296 (result: 0), SymType: '-nosymbols-', PDB: 'C:\WINDOWS\SYSTEM32\cfgmgr32.DLL', fileVersion: 10.0.22000.1
D:\Program Files (x86)\2021.3.9f1\Editor\tbb.dll:tbb.dll (00007FF93D8C0000), size: 413696 (result: 0), SymType: '-nosymbols-', PDB: 'D:\Program Files (x86)\2021.3.9f1\Editor\tbb.dll', fileVersion: 2017.0.2016.1004
C:\WINDOWS\SYSTEM32\MSVCP120.dll:MSVCP120.dll (00007FF92EB60000), size: 679936 (result: 0), SymType: '-nosymbols-', PDB: 'C:\WINDOWS\SYSTEM32\MSVCP120.dll', fileVersion: 12.0.40649.5
C:\WINDOWS\SYSTEM32\MSVCR120.dll:MSVCR120.dll (00007FF92E4E0000), size: 978944 (result: 0), SymType: '-nosymbols-', PDB: 'C:\WINDOWS\SYSTEM32\MSVCR120.dll', fileVersion: 12.0.40649.5
C:\WINDOWS\SYSTEM32\MSWSOCK.DLL:MSWSOCK.DLL (00007FF9A0A70000), size: 421888 (result: 0), SymType: '-nosymbols-', PDB: 'C:\WINDOWS\SYSTEM32\MSWSOCK.DLL', fileVersion: 10.0.22000.1
D:\Program Files (x86)\2021.3.9f1\Editor\OpenRL_pthread.dll:OpenRL_pthread.dll (000002458CAF0000), size: 61440 (result: 0), SymType: '-nosymbols-', PDB: 'D:\Program Files (x86)\2021.3.9f1\Editor\OpenRL_pthread.dll', fileVersion: 2.9.0.0
C:\WINDOWS\SYSTEM32\MSASN1.dll:MSASN1.dll (00007FF9A0D10000), size: 73728 (result: 0), SymType: '-nosymbols-', PDB: 'C:\WINDOWS\SYSTEM32\MSASN1.dll', fileVersion: 10.0.22000.1
C:\WINDOWS\SYSTEM32\kernel.appcore.dll:kernel.appcore.dll (00007FF9A0640000), size: 98304 (result: 0), SymType: '-nosymbols-', PDB: 'C:\WINDOWS\SYSTEM32\kernel.appcore.dll', fileVersion: 10.0.22000.71
C:\WINDOWS\System32\bcryptPrimitives.dll:bcryptPrimitives.dll (00007FF9A1D60000), size: 520192 (result: 0), SymType: '-deferred-', PDB: '', fileVersion: 10.0.22000.778
C:\WINDOWS\system32\uxtheme.dll:uxtheme.dll (00007FF99E7C0000), size: 704512 (result: 0), SymType: '-nosymbols-', PDB: 'C:\WINDOWS\system32\uxtheme.dll', fileVersion: 10.0.22000.832
C:\WINDOWS\System32\shcore.dll:shcore.dll (00007FF9A2C50000), size: 958464 (result: 0), SymType: '-nosymbols-', PDB: 'C:\WINDOWS\System32\shcore.dll', fileVersion: 10.0.22000.613
C:\WINDOWS\SYSTEM32\windows.storage.dll:windows.storage.dll (00007FF99F5D0000), size: 8814592 (result: 0), SymType: '-nosymbols-', PDB: 'C:\WINDOWS\SYSTEM32\windows.storage.dll', fileVersion: 10.0.22000.918
C:\WINDOWS\SYSTEM32\wintypes.dll:wintypes.dll (00007FF99F460000), size: 1466368 (result: 0), SymType: '-nosymbols-', PDB: 'C:\WINDOWS\SYSTEM32\wintypes.dll', fileVersion: 10.0.22000.918
C:\WINDOWS\SYSTEM32\profapi.dll:profapi.dll (00007FF9A1390000), size: 135168 (result: 0), SymType: '-nosymbols-', PDB: 'C:\WINDOWS\SYSTEM32\profapi.dll', fileVersion: 10.0.22000.1
C:\WINDOWS\system32\IconCodecService.dll:IconCodecService.dll (00007FF98B790000), size: 36864 (result: 0), SymType: '-nosymbols-', PDB: 'C:\WINDOWS\system32\IconCodecService.dll', fileVersion: 10.0.22000.1
C:\WINDOWS\SYSTEM32\WindowsCodecs.dll:WindowsCodecs.dll (00007FF998AC0000), size: 1761280 (result: 0), SymType: '-nosymbols-', PDB: 'C:\WINDOWS\SYSTEM32\WindowsCodecs.dll', fileVersion: 10.0.22000.653
C:\WINDOWS\System32\clbcatq.dll:clbcatq.dll (00007FF9A23A0000), size: 716800 (result: 0), SymType: '-nosymbols-', PDB: 'C:\WINDOWS\System32\clbcatq.dll', fileVersion: 2001.12.10941.16384
C:\WINDOWS\System32\netprofm.dll:netprofm.dll (00007FF99BD90000), size: 462848 (result: 0), SymType: '-nosymbols-', PDB: 'C:\WINDOWS\System32\netprofm.dll', fileVersion: 10.0.22000.708
C:\WINDOWS\System32\npmproxy.dll:npmproxy.dll (00007FF9972E0000), size: 73728 (result: 0), SymType: '-deferred-', PDB: '', fileVersion: 10.0.22000.65
C:\WINDOWS\System32\NSI.dll:NSI.dll (00007FF9A3770000), size: 36864 (result: 0), SymType: '-deferred-', PDB: '', fileVersion: 10.0.22000.1
C:\WINDOWS\SYSTEM32\dhcpcsvc6.DLL:dhcpcsvc6.DLL (00007FF9990C0000), size: 102400 (result: 0), SymType: '-nosymbols-', PDB: 'C:\WINDOWS\SYSTEM32\dhcpcsvc6.DLL', fileVersion: 10.0.22000.918
C:\WINDOWS\SYSTEM32\dhcpcsvc.DLL:dhcpcsvc.DLL (00007FF99A3E0000), size: 122880 (result: 0), SymType: '-deferred-', PDB: '', fileVersion: 10.0.22000.918
C:\WINDOWS\SYSTEM32\DNSAPI.dll:DNSAPI.dll (00007FF9A01A0000), size: 950272 (result: 0), SymType: '-nosymbols-', PDB: 'C:\WINDOWS\SYSTEM32\DNSAPI.dll', fileVersion: 10.0.22000.918
C:\WINDOWS\System32\fwpuclnt.dll:fwpuclnt.dll (00007FF9984E0000), size: 528384 (result: 0), SymType: '-nosymbols-', PDB: 'C:\WINDOWS\System32\fwpuclnt.dll', fileVersion: 10.0.22000.978
C:\Windows\System32\rasadhlp.dll:rasadhlp.dll (00007FF9937C0000), size: 40960 (result: 0), SymType: '-nosymbols-', PDB: 'C:\Windows\System32\rasadhlp.dll', fileVersion: 10.0.22000.1
D:\Program Files (x86)\2021.3.9f1\Editor\NVUnityPlugin.DLL:NVUnityPlugin.DLL (00007FF920080000), size: 1536000 (result: 0), SymType: '-nosymbols-', PDB: 'D:\Program Files (x86)\2021.3.9f1\Editor\NVUnityPlugin.DLL'
D:\Program Files (x86)\2021.3.9f1\Editor\Data\Tools\astcenc-avx2.dll:astcenc-avx2.dll (00007FF935300000), size: 561152 (result: 0), SymType: '-nosymbols-', PDB: 'D:\Program Files (x86)\2021.3.9f1\Editor\Data\Tools\astcenc-avx2.dll'
C:\WINDOWS\SYSTEM32\d3d11.dll:d3d11.dll (00007FF999D10000), size: 2621440 (result: 0), SymType: '-nosymbols-', PDB: 'C:\WINDOWS\SYSTEM32\d3d11.dll', fileVersion: 10.0.22000.918
C:\WINDOWS\SYSTEM32\dxgi.dll:dxgi.dll (00007FF99E910000), size: 995328 (result: 0), SymType: '-nosymbols-', PDB: 'C:\WINDOWS\SYSTEM32\dxgi.dll', fileVersion: 10.0.22000.918
C:\WINDOWS\SYSTEM32\directxdatabasehelper.dll:directxdatabasehelper.dll (00007FF99B7F0000), size: 278528 (result: 0), SymType: '-nosymbols-', PDB: 'C:\WINDOWS\SYSTEM32\directxdatabasehelper.dll', fileVersion: 10.0.22000.653
C:\WINDOWS\SYSTEM32\ntmarta.dll:ntmarta.dll (00007FF99EA30000), size: 212992 (result: 0), SymType: '-nosymbols-', PDB: 'C:\WINDOWS\SYSTEM32\ntmarta.dll', fileVersion: 10.0.22000.1
C:\WINDOWS\System32\DriverStore\FileRepository\nvlt.inf_amd64_04baa46c48be5bb8\nvldumdx.dll:nvldumdx.dll (00007FF996F70000), size: 1056768 (result: 0), SymType: '-deferred-', PDB: '', fileVersion: 27.21.14.5749
C:\WINDOWS\SYSTEM32\cryptnet.dll:cryptnet.dll (00007FF9984A0000), size: 200704 (result: 8), SymType: '-unknown-', PDB: '', fileVersion: 10.0.22000.1
  ERROR: LoadModule, GetLastError: 'Not enough memory resources are available to process this command.' (Address: 0000000000000000)
C:\WINDOWS\SYSTEM32\cryptbase.dll:cryptbase.dll (00007FF9A0CB0000), size: 49152 (result: 8), SymType: '-unknown-', PDB: '', fileVersion: 10.0.22000.1
  ERROR: LoadModule, GetLastError: 'Not enough memory resources are available to process this command.' (Address: 0000000000000000)
C:\WINDOWS\System32\imagehlp.dll:imagehlp.dll (00007FF9A25D0000), size: 126976 (result: 8), SymType: '-unknown-', PDB: '', fileVersion: 10.0.22000.1
  ERROR: LoadModule, GetLastError: 'Not enough memory resources are available to process this command.' (Address: 0000000000000000)
C:\WINDOWS\SYSTEM32\CRYPTSP.dll:CRYPTSP.dll (00007FF9A0CC0000), size: 98304 (result: 0), SymType: '-nosymbols-', PDB: 'C:\WINDOWS\SYSTEM32\CRYPTSP.dll', fileVersion: 10.0.22000.1
C:\WINDOWS\system32\rsaenh.dll:rsaenh.dll (00007FF9A05A0000), size: 217088 (result: 0), SymType: '-nosymbols-', PDB: 'C:\WINDOWS\system32\rsaenh.dll', fileVersion: 10.0.22000.282
C:\WINDOWS\System32\DriverStore\FileRepository\nvlt.inf_amd64_04baa46c48be5bb8\nvwgf2umx.dll:nvwgf2umx.dll (00007FF8FC990000), size: 44830720 (result: 0), SymType: '-nosymbols-', PDB: 'C:\WINDOWS\System32\DriverStore\FileRepository\nvlt.inf_amd64_04baa46c48be5bb8\nvwgf2umx.dll', fileVersion: 27.21.14.5749
C:\WINDOWS\system32\nvspcap64.dll:nvspcap64.dll (00007FF970D80000), size: 2826240 (result: 8), SymType: '-unknown-', PDB: '', fileVersion: 3.19.0.107
  ERROR: LoadModule, GetLastError: 'Not enough memory resources are available to process this command.' (Address: 0000000000000000)
C:\WINDOWS\system32\wbem\wbemprox.dll:wbemprox.dll (00007FF997130000), size: 65536 (result: 0), SymType: '-nosymbols-', PDB: 'C:\WINDOWS\system32\wbem\wbemprox.dll', fileVersion: 10.0.22000.1
C:\WINDOWS\SYSTEM32\wbemcomn.dll:wbemcomn.dll (00007FF997080000), size: 532480 (result: 0), SymType: '-nosymbols-', PDB: 'C:\WINDOWS\SYSTEM32\wbemcomn.dll', fileVersion: 10.0.22000.1
C:\WINDOWS\system32\wbem\wbemsvc.dll:wbemsvc.dll (00007FF993810000), size: 81920 (result: 0), SymType: '-nosymbols-', PDB: 'C:\WINDOWS\system32\wbem\wbemsvc.dll', fileVersion: 10.0.22000.1
C:\WINDOWS\system32\wbem\fastprox.dll:fastprox.dll (00007FF991FB0000), size: 1024000 (result: 0), SymType: '-nosymbols-', PDB: 'C:\WINDOWS\system32\wbem\fastprox.dll', fileVersion: 10.0.22000.1
C:\WINDOWS\SYSTEM32\amsi.dll:amsi.dll (00007FF980FC0000), size: 151552 (result: 0), SymType: '-nosymbols-', PDB: 'C:\WINDOWS\SYSTEM32\amsi.dll', fileVersion: 10.0.22000.593
C:\WINDOWS\SYSTEM32\USERENV.dll:USERENV.dll (00007FF9A0B60000), size: 167936 (result: 0), SymType: '-nosymbols-', PDB: 'C:\WINDOWS\SYSTEM32\USERENV.dll', fileVersion: 10.0.22000.1
C:\ProgramData\Microsoft\Windows Defender\Platform\4.18.2207.7-0\MpOav.dll:MpOav.dll (00007FF980F40000), size: 503808 (result: 8), SymType: '-unknown-', PDB: '', fileVersion: 4.18.2207.7
  ERROR: LoadModule, GetLastError: 'Not enough memory resources are available to process this command.' (Address: 0000000000000000)
D:\Program Files (x86)\2021.3.9f1\Editor\cudart64_90.dll:cudart64_90.dll (00007FF948B70000), size: 397312 (result: 8), SymType: '-unknown-', PDB: '', fileVersion: 6.14.11.9000
  ERROR: LoadModule, GetLastError: 'Not enough memory resources are available to process this command.' (Address: 0000000000000000)
C:\WINDOWS\SYSTEM32\opencl.dll:opencl.dll (00007FF948B50000), size: 114688 (result: 8), SymType: '-unknown-', PDB: '', fileVersion: 3.0.1.0
  ERROR: LoadModule, GetLastError: 'Not enough memory resources are available to process this command.' (Address: 0000000000000000)
D:\Program Files (x86)\2021.3.9f1\Editor\radeonrays.dll:radeonrays.dll (00007FF948AC0000), size: 557056 (result: 8), SymType: '-unknown-', PDB: ''
  ERROR: LoadModule, GetLastError: 'Not enough memory resources are available to process this command.' (Address: 0000000000000000)
D:\Program Files (x86)\2021.3.9f1\Editor\Data\MonoBleedingEdge\EmbedRuntime\mono-2.0-bdwgc.dll:mono-2.0-bdwgc.dll (00007FF90A610000), size: 10686464 (result: 0), SymType: '-deferred-', PDB: ''
C:\WINDOWS\SYSTEM32\dbghelp.dll:dbghelp.dll (00007FF99F130000), size: 2232320 (result: 8), SymType: '-unknown-', PDB: '', fileVersion: 10.0.22000.1
  ERROR: LoadModule, GetLastError: 'Not enough memory resources are available to process this command.' (Address: 0000000000000000)
C:\WINDOWS\System32\psapi.dll:psapi.dll (00007FF9A33E0000), size: 32768 (result: 8), SymType: '-unknown-', PDB: '', fileVersion: 10.0.22000.1
  ERROR: LoadModule, GetLastError: 'Not enough memory resources are available to process this command.' (Address: 0000000000000000)
  ERROR: SymGetSymFromAddr64, GetLastError: 'Attempt to access invalid address.' (Address: 00007FF9A179474C)
0x00007FF9A179474C (KERNELBASE) (function-name not available)
  ERROR: SymGetSymFromAddr64, GetLastError: 'Attempt to access invalid address.' (Address: 00007FF90A68064C)
0x00007FF90A68064C (mono-2.0-bdwgc) (function-name not available)
  ERROR: SymGetSymFromAddr64, GetLastError: 'Attempt to access invalid address.' (Address: 00007FF90A66C4A2)
0x00007FF90A66C4A2 (mono-2.0-bdwgc) (function-name not available)
  ERROR: SymGetSymFromAddr64, GetLastError: 'Attempt to access invalid address.' (Address: 00007FF90A66C508)
0x00007FF90A66C508 (mono-2.0-bdwgc) (function-name not available)
  ERROR: SymGetSymFromAddr64, GetLastError: 'Attempt to access invalid address.' (Address: 00007FF90A786BE3)
0x00007FF90A786BE3 (mono-2.0-bdwgc) (function-name not available)
  ERROR: SymGetSymFromAddr64, GetLastError: 'Attempt to access invalid address.' (Address: 00007FF90A9DD1AA)
0x00007FF90A9DD1AA (mono-2.0-bdwgc) (function-name not available)
  ERROR: SymGetSymFromAddr64, GetLastError: 'Attempt to access invalid address.' (Address: 00007FF90A9DED6F)
0x00007FF90A9DED6F (mono-2.0-bdwgc) (function-name not available)
  ERROR: SymGetSymFromAddr64, GetLastError: 'Attempt to access invalid address.' (Address: 00007FF90A9158D6)
0x00007FF90A9158D6 (mono-2.0-bdwgc) (function-name not available)
  ERROR: SymGetSymFromAddr64, GetLastError: 'Attempt to access invalid address.' (Address: 00007FF90A886193)
0x00007FF90A886193 (mono-2.0-bdwgc) (function-name not available)
  ERROR: SymGetSymFromAddr64, GetLastError: 'Attempt to access invalid address.' (Address: 00007FF90A887097)
0x00007FF90A887097 (mono-2.0-bdwgc) (function-name not available)
  ERROR: SymGetSymFromAddr64, GetLastError: 'Attempt to access invalid address.' (Address: 00007FF90A88DD4C)
0x00007FF90A88DD4C (mono-2.0-bdwgc) (function-name not available)
  ERROR: SymGetSymFromAddr64, GetLastError: 'Attempt to access invalid address.' (Address: 00007FF90A88F798)
0x00007FF90A88F798 (mono-2.0-bdwgc) (function-name not available)
  ERROR: SymGetSymFromAddr64, GetLastError: 'Attempt to access invalid address.' (Address: 00007FF90A7CE764)
0x00007FF90A7CE764 (mono-2.0-bdwgc) (function-name not available)
  ERROR: SymGetSymFromAddr64, GetLastError: 'Attempt to access invalid address.' (Address: 00007FF90A7C9810)
0x00007FF90A7C9810 (mono-2.0-bdwgc) (function-name not available)
  ERROR: SymGetSymFromAddr64, GetLastError: 'Attempt to access invalid address.' (Address: 00007FF90A91A099)
0x00007FF90A91A099 (mono-2.0-bdwgc) (function-name not available)
  ERROR: SymGetSymFromAddr64, GetLastError: 'The specified module could not be found.' (Address: 00000245AEA415EB)
  ERROR: SymGetModuleInfo64, GetLastError: 'A dynamic link library (DLL) initialization routine failed.' (Address: 00000245AEA415EB)
0x00000245AEA415EB ((<unknown>)) (function-name not available)
0x00000247B9F01943 (Mono JIT Code) System.Globalization.CultureData:get_Invariant ()
0x00000247B9F0111B (Mono JIT Code) System.Globalization.CultureInfo:.ctor (int,bool,bool)
0x00000247B9F00FA3 (Mono JIT Code) System.Globalization.CultureInfo:.cctor ()
0x00000247B9F00455 (Mono JIT Code) (wrapper runtime-invoke) object:runtime_invoke_void (object,intptr,intptr,intptr)
  ERROR: SymGetSymFromAddr64, GetLastError: 'Attempt to access invalid address.' (Address: 00007FF90A88FE24)
0x00007FF90A88FE24 (mono-2.0-bdwgc) (function-name not available)
  ERROR: SymGetSymFromAddr64, GetLastError: 'Attempt to access invalid address.' (Address: 00007FF90A7CE764)
0x00007FF90A7CE764 (mono-2.0-bdwgc) (function-name not available)
  ERROR: SymGetSymFromAddr64, GetLastError: 'Attempt to access invalid address.' (Address: 00007FF90A7C9810)
0x00007FF90A7C9810 (mono-2.0-bdwgc) (function-name not available)
  ERROR: SymGetSymFromAddr64, GetLastError: 'Attempt to access invalid address.' (Address: 00007FF90A8E4432)
0x00007FF90A8E4432 (mono-2.0-bdwgc) (function-name not available)
  ERROR: SymGetSymFromAddr64, GetLastError: 'Attempt to access invalid address.' (Address: 00007FF90A8854F0)
0x00007FF90A8854F0 (mono-2.0-bdwgc) (function-name not available)
  ERROR: SymGetSymFromAddr64, GetLastError: 'Attempt to access invalid address.' (Address: 00007FF90A887097)
0x00007FF90A887097 (mono-2.0-bdwgc) (function-name not available)
  ERROR: SymGetSymFromAddr64, GetLastError: 'Attempt to access invalid address.' (Address: 00007FF90A88DD4C)
0x00007FF90A88DD4C (mono-2.0-bdwgc) (function-name not available)
  ERROR: SymGetSymFromAddr64, GetLastError: 'Attempt to access invalid address.' (Address: 00007FF90A980C9F)
0x00007FF90A980C9F (mono-2.0-bdwgc) (function-name not available)
  ERROR: SymGetSymFromAddr64, GetLastError: 'Attempt to access invalid address.' (Address: 00007FF90A981868)
0x00007FF90A981868 (mono-2.0-bdwgc) (function-name not available)
  ERROR: SymGetSymFromAddr64, GetLastError: 'The specified module could not be found.' (Address: 00000245AEA303A6)
  ERROR: SymGetModuleInfo64, GetLastError: 'A dynamic link library (DLL) initialization routine failed.' (Address: 00000245AEA303A6)
0x00000245AEA303A6 ((<unknown>)) (function-name not available)
0x00000247B9F00EAB (Mono JIT Code) System.IO.TextWriter/NullTextWriter:.ctor ()
0x00000247B9F00E13 (Mono JIT Code) (wrapper remoting-invoke-with-check) System.IO.TextWriter/NullTextWriter:.ctor ()
0x00000247B9F00C73 (Mono JIT Code) System.IO.TextWriter:.cctor ()
0x00000247B9F00455 (Mono JIT Code) (wrapper runtime-invoke) object:runtime_invoke_void (object,intptr,intptr,intptr)
  ERROR: SymGetSymFromAddr64, GetLastError: 'Attempt to access invalid address.' (Address: 00007FF90A88FE24)
0x00007FF90A88FE24 (mono-2.0-bdwgc) (function-name not available)
  ERROR: SymGetSymFromAddr64, GetLastError: 'Attempt to access invalid address.' (Address: 00007FF90A7CE764)
0x00007FF90A7CE764 (mono-2.0-bdwgc) (function-name not available)
  ERROR: SymGetSymFromAddr64, GetLastError: 'Attempt to access invalid address.' (Address: 00007FF90A7C9810)
0x00007FF90A7C9810 (mono-2.0-bdwgc) (function-name not available)
  ERROR: SymGetSymFromAddr64, GetLastError: 'Attempt to access invalid address.' (Address: 00007FF90A8E4432)
0x00007FF90A8E4432 (mono-2.0-bdwgc) (function-name not available)
  ERROR: SymGetSymFromAddr64, GetLastError: 'Attempt to access invalid address.' (Address: 00007FF90A8854F0)
0x00007FF90A8854F0 (mono-2.0-bdwgc) (function-name not available)
  ERROR: SymGetSymFromAddr64, GetLastError: 'Attempt to access invalid address.' (Address: 00007FF90A887097)
0x00007FF90A887097 (mono-2.0-bdwgc) (function-name not available)
  ERROR: SymGetSymFromAddr64, GetLastError: 'Attempt to access invalid address.' (Address: 00007FF90A88DD4C)
0x00007FF90A88DD4C (mono-2.0-bdwgc) (function-name not available)
  ERROR: SymGetSymFromAddr64, GetLastError: 'Attempt to access invalid address.' (Address: 00007FF90A980C9F)
0x00007FF90A980C9F (mono-2.0-bdwgc) (function-name not available)
  ERROR: SymGetSymFromAddr64, GetLastError: 'Attempt to access invalid address.' (Address: 00007FF90A981868)
0x00007FF90A981868 (mono-2.0-bdwgc) (function-name not available)
  ERROR: SymGetSymFromAddr64, GetLastError: 'The specified module could not be found.' (Address: 00000245AEA303A6)
  ERROR: SymGetModuleInfo64, GetLastError: 'A dynamic link library (DLL) initialization routine failed.' (Address: 00000245AEA303A6)
0x00000245AEA303A6 ((<unknown>)) (function-name not available)
0x00000247B9F00BDB (Mono JIT Code) UnityEngine.UnityLogWriter:.ctor ()
0x00000247B9F00B43 (Mono JIT Code) (wrapper remoting-invoke-with-check) UnityEngine.UnityLogWriter:.ctor ()
0x00000247B9F00A5B (Mono JIT Code) UnityEngine.UnityLogWriter:Init ()
0x00000247B9F008AB (Mono JIT Code) UnityEngine.ClassLibraryInitializer:Init ()
0x00000247B9F00975 (Mono JIT Code) (wrapper runtime-invoke) object:runtime_invoke_void (object,intptr,intptr,intptr)
  ERROR: SymGetSymFromAddr64, GetLastError: 'Attempt to access invalid address.' (Address: 00007FF90A88FE24)
0x00007FF90A88FE24 (mono-2.0-bdwgc) (function-name not available)
  ERROR: SymGetSymFromAddr64, GetLastError: 'Attempt to access invalid address.' (Address: 00007FF90A7CE764)
0x00007FF90A7CE764 (mono-2.0-bdwgc) (function-name not available)
  ERROR: SymGetSymFromAddr64, GetLastError: 'Attempt to access invalid address.' (Address: 00007FF90A7CE8FC)
0x00007FF90A7CE8FC (mono-2.0-bdwgc) (function-name not available)
  ERROR: SymGetSymFromAddr64, GetLastError: 'Attempt to access invalid address.' (Address: 00007FF77B424DB4)
0x00007FF77B424DB4 (Unity) (function-name not available)
  ERROR: SymGetSymFromAddr64, GetLastError: 'Attempt to access invalid address.' (Address: 00007FF77B404654)
0x00007FF77B404654 (Unity) (function-name not available)
  ERROR: SymGetSymFromAddr64, GetLastError: 'Attempt to access invalid address.' (Address: 00007FF77B3F4E7B)
0x00007FF77B3F4E7B (Unity) (function-name not available)
  ERROR: SymGetSymFromAddr64, GetLastError: 'Attempt to access invalid address.' (Address: 00007FF77B3ED23F)
0x00007FF77B3ED23F (Unity) (function-name not available)
  ERROR: SymGetSymFromAddr64, GetLastError: 'Attempt to access invalid address.' (Address: 00007FF77B3F6A07)
0x00007FF77B3F6A07 (Unity) (function-name not available)
  ERROR: SymGetSymFromAddr64, GetLastError: 'Attempt to access invalid address.' (Address: 00007FF77C33010E)
0x00007FF77C33010E (Unity) (function-name not available)
  ERROR: SymGetSymFromAddr64, GetLastError: 'Attempt to access invalid address.' (Address: 00007FF77C0210C0)
0x00007FF77C0210C0 (Unity) (function-name not available)
  ERROR: SymGetSymFromAddr64, GetLastError: 'Attempt to access invalid address.' (Address: 00007FF77C47F828)
0x00007FF77C47F828 (Unity) (function-name not available)
  ERROR: SymGetSymFromAddr64, GetLastError: 'Attempt to access invalid address.' (Address: 00007FF77D80421E)
0x00007FF77D80421E (Unity) (function-name not available)
  ERROR: SymGetSymFromAddr64, GetLastError: 'Attempt to access invalid address.' (Address: 00007FF9A26B54E0)
0x00007FF9A26B54E0 (KERNEL32) (function-name not available)
  ERROR: SymGetSymFromAddr64, GetLastError: 'Attempt to access invalid address.' (Address: 00007FF9A3F8485B)
0x00007FF9A3F8485B (ntdll) (function-name not available)

========== END OF STACKTRACE ===========

A crash has been intercepted by the crash handler. For call stack and other details, see the latest crash report generated in:
 * C:/Users/TOBI-K/AppData/Local/Temp/Unity/Editor/Crashes
